#
# There is insufficient memory for the Java Runtime Environment to continue.
# Native memory allocation (malloc) failed to allocate 1208976 bytes. Error detail: Chunk::new
# Possible reasons:
#   The system is out of physical RAM or swap space
#   This process is running with CompressedOops enabled, and the Java Heap may be blocking the growth of the native heap
# Possible solutions:
#   Reduce memory load on the system
#   Increase physical memory or swap space
#   Check if swap backing store is full
#   Decrease Java heap size (-Xmx/-Xms)
#   Decrease number of Java threads
#   Decrease Java thread stack sizes (-Xss)
#   Set larger code cache with -XX:ReservedCodeCacheSize=
#   JVM is running with Unscaled Compressed Oops mode in which the Java heap is
#     placed in the first 4GB address space. The Java Heap base address is the
#     maximum limit for the native heap growth. Please use -XX:HeapBaseMinAddress
#     to set the Java Heap base and to place the Java Heap above 4GB virtual address.
# This output file may be truncated or incomplete.
#
#  Out of Memory Error (arena.cpp:168), pid=18004, tid=24196
#
# JRE version: OpenJDK Runtime Environment Temurin-21.0.10+7 (21.0.10+7) (build 21.0.10+7-LTS)
# Java VM: OpenJDK 64-Bit Server VM Temurin-21.0.10+7 (21.0.10+7-LTS, mixed mode, sharing, tiered, compressed oops, compressed class ptrs, parallel gc, windows-amd64)
# No core dump will be written. Minidumps are not enabled by default on client versions of Windows
#

---------------  S U M M A R Y ------------

Command Line: --add-modules=ALL-SYSTEM --add-opens=java.base/java.util=ALL-UNNAMED --add-opens=java.base/java.lang=ALL-UNNAMED --add-opens=java.base/sun.nio.fs=ALL-UNNAMED -Declipse.application=org.eclipse.jdt.ls.core.id1 -Dosgi.bundles.defaultStartLevel=4 -Declipse.product=org.eclipse.jdt.ls.core.product -Djava.import.generatesMetadataFilesAtProjectRoot=false -DDetectVMInstallationsJob.disabled=true -Dfile.encoding=utf8 -XX:+UseParallelGC -XX:GCTimeRatio=4 -XX:AdaptiveSizePolicyWeight=90 -Dsun.zip.disableMemoryMapping=true -Xmx2G -Xms100m -Xlog:disable -javaagent:c:\Users\ayila\.antigravity\extensions\redhat.java-1.53.0-win32-x64\lombok\lombok-1.18.39-4050.jar -XX:+HeapDumpOnOutOfMemoryError -XX:HeapDumpPath=c:\Users\ayila\AppData\Roaming\Antigravity\User\workspaceStorage\9f33df4433eb2f36f8a66c10559f9e6b\redhat.java -Daether.dependencyCollector.impl=bf c:\Users\ayila\.antigravity\extensions\redhat.java-1.53.0-win32-x64\server\plugins\org.eclipse.equinox.launcher_1.7.100.v20251111-0406.jar -configuration c:\Users\ayila\AppData\Roaming\Antigravity\User\globalStorage\redhat.java\1.53.0\config_win -data c:\Users\ayila\AppData\Roaming\Antigravity\User\workspaceStorage\9f33df4433eb2f36f8a66c10559f9e6b\redhat.java\jdt_ws --pipe=\\.\pipe\lsp-9844ea1c04b506fef58b120553b91ede-sock

Host: Intel(R) Core(TM) i5-7200U CPU @ 2.50GHz, 4 cores, 7G,  Windows 11 , 64 bit Build 26100 (10.0.26100.7623)
Time: Mon Apr  6 16:03:49 2026 elapsed time: 43.920688 seconds (0d 0h 0m 43s)

---------------  T H R E A D  ---------------

Current thread (0x00000201229152a0):  JavaThread "C2 CompilerThread0" daemon [_thread_in_native, id=24196, stack(0x000000912e900000,0x000000912ea00000) (1024K)]


Current CompileTask:
C2:43921 4507       4       org.eclipse.osgi.internal.loader.ModuleClassLoader::toString (80 bytes)

Stack: [0x000000912e900000,0x000000912ea00000]
Native frames: (J=compiled Java code, j=interpreted, Vv=VM code, C=native code)
V  [jvm.dll+0x6d7a39]
V  [jvm.dll+0x8b4b26]
V  [jvm.dll+0x8b70de]
V  [jvm.dll+0x8b77c3]
V  [jvm.dll+0x284346]
V  [jvm.dll+0xc66ed]
V  [jvm.dll+0xc6c31]
V  [jvm.dll+0x3bec01]
V  [jvm.dll+0x38b162]
V  [jvm.dll+0x38a5aa]
V  [jvm.dll+0x24c560]
V  [jvm.dll+0x24bb40]
V  [jvm.dll+0x1cb34e]
V  [jvm.dll+0x25b85d]
V  [jvm.dll+0x259dea]
V  [jvm.dll+0x3f857e]
V  [jvm.dll+0x85f59d]
V  [jvm.dll+0x6d626d]
C  [ucrtbase.dll+0x37b0]
C  [KERNEL32.DLL+0x2e8d7]
C  [ntdll.dll+0x8c53c]


---------------  P R O C E S S  ---------------

Threads class SMR info:
_java_thread_list=0x0000020100e80c30, length=23, elements={
0x00000201206b4710, 0x000002012290a000, 0x000002012290e1f0, 0x0000020122910f70,
0x0000020122912fa0, 0x0000020122913a00, 0x0000020122914460, 0x00000201229152a0,
0x00000201229a1270, 0x000002017f17ad20, 0x000002017f1c0190, 0x000002017f472520,
0x000002017f7947b0, 0x000002017f35a420, 0x000002017f62aaa0, 0x000002010014e820,
0x000002017fa10580, 0x000002017f57f340, 0x000002017fb67cf0, 0x000002017fb69730,
0x000002017fb66fd0, 0x000002017fb67660, 0x0000020100234f00
}

Java Threads: ( => current thread )
  0x00000201206b4710 JavaThread "main"                              [_thread_blocked, id=21536, stack(0x000000912df00000,0x000000912e000000) (1024K)]
  0x000002012290a000 JavaThread "Reference Handler"          daemon [_thread_blocked, id=9184, stack(0x000000912e300000,0x000000912e400000) (1024K)]
  0x000002012290e1f0 JavaThread "Finalizer"                  daemon [_thread_blocked, id=19524, stack(0x000000912e400000,0x000000912e500000) (1024K)]
  0x0000020122910f70 JavaThread "Signal Dispatcher"          daemon [_thread_blocked, id=13676, stack(0x000000912e500000,0x000000912e600000) (1024K)]
  0x0000020122912fa0 JavaThread "Attach Listener"            daemon [_thread_blocked, id=14376, stack(0x000000912e600000,0x000000912e700000) (1024K)]
  0x0000020122913a00 JavaThread "Service Thread"             daemon [_thread_blocked, id=5196, stack(0x000000912e700000,0x000000912e800000) (1024K)]
  0x0000020122914460 JavaThread "Monitor Deflation Thread"   daemon [_thread_blocked, id=14104, stack(0x000000912e800000,0x000000912e900000) (1024K)]
=>0x00000201229152a0 JavaThread "C2 CompilerThread0"         daemon [_thread_in_native, id=24196, stack(0x000000912e900000,0x000000912ea00000) (1024K)]
  0x00000201229a1270 JavaThread "C1 CompilerThread0"         daemon [_thread_blocked, id=22184, stack(0x000000912ea00000,0x000000912eb00000) (1024K)]
  0x000002017f17ad20 JavaThread "Common-Cleaner"             daemon [_thread_blocked, id=15612, stack(0x000000912eb00000,0x000000912ec00000) (1024K)]
  0x000002017f1c0190 JavaThread "Notification Thread"        daemon [_thread_blocked, id=13172, stack(0x000000912ec00000,0x000000912ed00000) (1024K)]
  0x000002017f472520 JavaThread "Active Thread: Equinox Container: 3eda1a1f-6652-4ff9-8840-babeca50c78f"        [_thread_blocked, id=12252, stack(0x000000912ed00000,0x000000912ee00000) (1024K)]
  0x000002017f7947b0 JavaThread "Refresh Thread: Equinox Container: 3eda1a1f-6652-4ff9-8840-babeca50c78f" daemon [_thread_blocked, id=13092, stack(0x000000912f100000,0x000000912f200000) (1024K)]
  0x000002017f35a420 JavaThread "Framework Event Dispatcher: Equinox Container: 3eda1a1f-6652-4ff9-8840-babeca50c78f" daemon [_thread_blocked, id=5388, stack(0x000000912f200000,0x000000912f300000) (1024K)]
  0x000002017f62aaa0 JavaThread "Start Level: Equinox Container: 3eda1a1f-6652-4ff9-8840-babeca50c78f" daemon [_thread_in_native, id=8372, stack(0x000000912f300000,0x000000912f400000) (1024K)]
  0x000002010014e820 JavaThread "Bundle File Closer"         daemon [_thread_blocked, id=16944, stack(0x000000912f400000,0x000000912f500000) (1024K)]
  0x000002017fa10580 JavaThread "SCR Component Actor"        daemon [_thread_blocked, id=20328, stack(0x000000912f500000,0x000000912f600000) (1024K)]
  0x000002017f57f340 JavaThread "Worker-JM"                         [_thread_blocked, id=16940, stack(0x000000912f600000,0x000000912f700000) (1024K)]
  0x000002017fb67cf0 JavaThread "JNA Cleaner"                daemon [_thread_blocked, id=4324, stack(0x000000912f700000,0x000000912f800000) (1024K)]
  0x000002017fb69730 JavaThread "Worker-0: Repository registry initialization"        [_thread_in_native, id=1552, stack(0x000000912f800000,0x000000912f900000) (1024K)]
  0x000002017fb66fd0 JavaThread "Worker-1"                          [_thread_blocked, id=17496, stack(0x000000912f900000,0x000000912fa00000) (1024K)]
  0x000002017fb67660 JavaThread "Worker-2"                          [_thread_blocked, id=10680, stack(0x000000912fa00000,0x000000912fb00000) (1024K)]
  0x0000020100234f00 JavaThread "C2 CompilerThread1"         daemon [_thread_in_native, id=4776, stack(0x000000912fb00000,0x000000912fc00000) (1024K)]
Total: 23

Other Threads:
  0x00000201228ed830 VMThread "VM Thread"                           [id=18272, stack(0x000000912e200000,0x000000912e300000) (1024K)]
  0x00000201228aca00 WatcherThread "VM Periodic Task Thread"        [id=12716, stack(0x000000912e100000,0x000000912e200000) (1024K)]
  0x0000020122a3b440 WorkerThread "GC Thread#0"                     [id=24428, stack(0x000000912e000000,0x000000912e100000) (1024K)]
  0x000002017f7d17e0 WorkerThread "GC Thread#1"                     [id=23604, stack(0x000000912ee00000,0x000000912ef00000) (1024K)]
  0x000002017f7d1b90 WorkerThread "GC Thread#2"                     [id=22540, stack(0x000000912ef00000,0x000000912f000000) (1024K)]
  0x000002017f957470 WorkerThread "GC Thread#3"                     [id=19700, stack(0x000000912f000000,0x000000912f100000) (1024K)]
Total: 6

Threads with active compile tasks:
C2 CompilerThread0  43983 4507       4       org.eclipse.osgi.internal.loader.ModuleClassLoader::toString (80 bytes)
C2 CompilerThread1  43984 4582   !   4       java.util.zip.InflaterInputStream::read (129 bytes)
Total: 2

VM state: not at safepoint (normal execution)

VM Mutex/Monitor currently owned by a thread: None

Heap address: 0x0000000080000000, size: 2048 MB, Compressed Oops mode: 32-bit

CDS archive(s) mapped at: [0x000002013a000000-0x000002013aba0000-0x000002013aba0000), size 12189696, SharedBaseAddress: 0x000002013a000000, ArchiveRelocationMode: 1.
Compressed class space mapped at: 0x000002013b000000-0x000002017b000000, reserved size: 1073741824
Narrow klass base: 0x000002013a000000, Narrow klass shift: 0, Narrow klass range: 0x100000000

GC Precious Log:
 CardTable entry size: 512
 CPUs: 4 total, 4 available
 Memory: 7897M
 Large Page Support: Disabled
 NUMA Support: Disabled
 Compressed Oops: Enabled (32-bit)
 Alignments: Space 512K, Generation 512K, Heap 2M
 Heap Min Capacity: 100M
 Heap Initial Capacity: 100M
 Heap Max Capacity: 2G
 Pre-touch: Disabled
 Parallel Workers: 4

Heap:
 PSYoungGen      total 25088K, used 7321K [0x00000000d5580000, 0x00000000d7280000, 0x0000000100000000)
  eden space 22528K, 21% used [0x00000000d5580000,0x00000000d5a54388,0x00000000d6b80000)
  from space 2560K, 92% used [0x00000000d6c00000,0x00000000d6e522b0,0x00000000d6e80000)
  to   space 3072K, 0% used [0x00000000d6f80000,0x00000000d6f80000,0x00000000d7280000)
 ParOldGen       total 68608K, used 16156K [0x0000000080000000, 0x0000000084300000, 0x00000000d5580000)
  object space 68608K, 23% used [0x0000000080000000,0x0000000080fc7258,0x0000000084300000)
 Metaspace       used 30534K, committed 31552K, reserved 1114112K
  class space    used 3138K, committed 3584K, reserved 1048576K

Card table byte_map: [0x00000201223c0000,0x00000201227d0000] _byte_map_base: 0x0000020121fc0000

Marking Bits: (ParMarkBitMap*) 0x00007ffab17a3450
 Begin Bits: [0x0000020134ed0000, 0x0000020136ed0000)
 End Bits:   [0x0000020136ed0000, 0x0000020138ed0000)

Polling page: 0x0000020120810000

Metaspace:

Usage:
  Non-class:     26.75 MB used.
      Class:      3.07 MB used.
       Both:     29.82 MB used.

Virtual space:
  Non-class space:       64.00 MB reserved,      27.31 MB ( 43%) committed,  1 nodes.
      Class space:        1.00 GB reserved,       3.50 MB ( <1%) committed,  1 nodes.
             Both:        1.06 GB reserved,      30.81 MB (  3%) committed. 

Chunk freelists:
   Non-Class:  4.30 MB
       Class:  12.47 MB
        Both:  16.77 MB

MaxMetaspaceSize: unlimited
CompressedClassSpaceSize: 1.00 GB
Initial GC threshold: 21.00 MB
Current GC threshold: 35.00 MB
CDS: on
 - commit_granule_bytes: 65536.
 - commit_granule_words: 8192.
 - virtual_space_node_default_size: 8388608.
 - enlarge_chunks_in_place: 1.
 - use_allocation_guard: 0.


Internal statistics:

num_allocs_failed_limit: 3.
num_arena_births: 844.
num_arena_deaths: 14.
num_vsnodes_births: 2.
num_vsnodes_deaths: 0.
num_space_committed: 493.
num_space_uncommitted: 0.
num_chunks_returned_to_freelist: 17.
num_chunks_taken_from_freelist: 2169.
num_chunk_merges: 8.
num_chunk_splits: 1361.
num_chunks_enlarged: 760.
num_inconsistent_stats: 0.

CodeHeap 'non-profiled nmethods': size=120000Kb used=2335Kb max_used=2335Kb free=117664Kb
 bounds [0x000002012d6f0000, 0x000002012d960000, 0x0000020134c20000]
CodeHeap 'profiled nmethods': size=120000Kb used=9762Kb max_used=9762Kb free=110237Kb
 bounds [0x0000020125c20000, 0x00000201265b0000, 0x000002012d150000]
CodeHeap 'non-nmethods': size=5760Kb used=1337Kb max_used=1406Kb free=4422Kb
 bounds [0x000002012d150000, 0x000002012d3c0000, 0x000002012d6f0000]
CodeCache: size=245760Kb, used=13434Kb, max_used=13503Kb, free=232323Kb
 total_blobs=5213, nmethods=4583, adapters=536, full_count=0
Compilation: enabled, stopped_count=0, restarted_count=0

Compilation events (20 events):
Event: 43.880 Thread 0x00000201229a1270 nmethod 4554 0x0000020126594710 code [0x00000201265948e0, 0x0000020126594ba8]
Event: 43.880 Thread 0x00000201229a1270 4556       3       org.eclipse.core.runtime.Path::computeSegmentCount (86 bytes)
Event: 43.882 Thread 0x00000201229a1270 nmethod 4556 0x0000020126594d10 code [0x0000020126594fa0, 0x0000020126595d18]
Event: 43.882 Thread 0x00000201229a1270 4555       3       org.eclipse.jdt.internal.core.ClasspathAttribute::<init> (15 bytes)
Event: 43.882 Thread 0x00000201229a1270 nmethod 4555 0x0000020126596290 code [0x0000020126596440, 0x00000201265965d8]
Event: 43.885 Thread 0x00000201229a1270 4557       3       org.eclipse.jdt.internal.core.JavaModelManager$VariablesAndContainersLoadHelper::loadPath (51 bytes)
Event: 43.886 Thread 0x00000201229a1270 nmethod 4557 0x0000020126596690 code [0x00000201265968e0, 0x00000201265971a8]
Event: 43.888 Thread 0x00000201229a1270 4558       3       com.google.inject.TypeLiteral::<init> (43 bytes)
Event: 43.889 Thread 0x00000201229a1270 nmethod 4558 0x0000020126597490 code [0x00000201265976a0, 0x0000020126597c20]
Event: 43.889 Thread 0x00000201229a1270 4559       3       java.lang.Class::getDeclaredMethods (27 bytes)
Event: 43.889 Thread 0x00000201229a1270 nmethod 4559 0x0000020126597e10 code [0x0000020126597fe0, 0x0000020126598248]
Event: 43.890 Thread 0x00000201229a1270 4560       3       com.google.inject.TypeLiteral::resolve (9 bytes)
Event: 43.890 Thread 0x00000201229a1270 nmethod 4560 0x0000020126598390 code [0x0000020126598560, 0x00000201265987b0]
Event: 43.890 Thread 0x00000201229a1270 4561       3       com.google.inject.internal.MoreTypes::getGenericSupertype (135 bytes)
Event: 43.913 Thread 0x00000201229a1270 nmethod 4561 0x0000020126598910 code [0x0000020126598dc0, 0x000002012659ae10]
Event: 43.913 Thread 0x00000201229a1270 4563       3       java.util.stream.ReferencePipeline::toArray (18 bytes)
Event: 43.914 Thread 0x00000201229a1270 nmethod 4563 0x000002012659b910 code [0x000002012659bae0, 0x000002012659bd38]
Event: 43.914 Thread 0x00000201229a1270 4564       3       java.util.stream.AbstractPipeline::evaluateToArrayNode (78 bytes)
Event: 43.914 Thread 0x00000201229a1270 nmethod 4564 0x000002012659be10 code [0x000002012659c040, 0x000002012659c5f8]
Event: 43.914 Thread 0x00000201229a1270 4565       3       java.util.stream.AbstractPipeline::evaluate (44 bytes)

GC Heap History (20 events):
Event: 20.081 GC heap before
{Heap before GC invocations=3 (full 0):
 PSYoungGen      total 29696K, used 29670K [0x00000000d5580000, 0x00000000d7680000, 0x0000000100000000)
  eden space 25600K, 100% used [0x00000000d5580000,0x00000000d6e80000,0x00000000d6e80000)
  from space 4096K, 99% used [0x00000000d7280000,0x00000000d7679820,0x00000000d7680000)
  to   space 4096K, 0% used [0x00000000d6e80000,0x00000000d6e80000,0x00000000d7280000)
 ParOldGen       total 68608K, used 2039K [0x0000000080000000, 0x0000000084300000, 0x00000000d5580000)
  object space 68608K, 2% used [0x0000000080000000,0x00000000801fde48,0x0000000084300000)
 Metaspace       used 9538K, committed 9856K, reserved 1114112K
  class space    used 1014K, committed 1152K, reserved 1048576K
}
Event: 20.092 GC heap after
{Heap after GC invocations=3 (full 0):
 PSYoungGen      total 29696K, used 4095K [0x00000000d5580000, 0x00000000d7680000, 0x0000000100000000)
  eden space 25600K, 0% used [0x00000000d5580000,0x00000000d5580000,0x00000000d6e80000)
  from space 4096K, 99% used [0x00000000d6e80000,0x00000000d727fdd8,0x00000000d7280000)
  to   space 4096K, 0% used [0x00000000d7280000,0x00000000d7280000,0x00000000d7680000)
 ParOldGen       total 68608K, used 4757K [0x0000000080000000, 0x0000000084300000, 0x00000000d5580000)
  object space 68608K, 6% used [0x0000000080000000,0x00000000804a54f8,0x0000000084300000)
 Metaspace       used 9538K, committed 9856K, reserved 1114112K
  class space    used 1014K, committed 1152K, reserved 1048576K
}
Event: 27.730 GC heap before
{Heap before GC invocations=4 (full 0):
 PSYoungGen      total 29696K, used 29695K [0x00000000d5580000, 0x00000000d7680000, 0x0000000100000000)
  eden space 25600K, 100% used [0x00000000d5580000,0x00000000d6e80000,0x00000000d6e80000)
  from space 4096K, 99% used [0x00000000d6e80000,0x00000000d727fdd8,0x00000000d7280000)
  to   space 4096K, 0% used [0x00000000d7280000,0x00000000d7280000,0x00000000d7680000)
 ParOldGen       total 68608K, used 4757K [0x0000000080000000, 0x0000000084300000, 0x00000000d5580000)
  object space 68608K, 6% used [0x0000000080000000,0x00000000804a54f8,0x0000000084300000)
 Metaspace       used 11744K, committed 12160K, reserved 1114112K
  class space    used 1241K, committed 1408K, reserved 1048576K
}
Event: 27.740 GC heap after
{Heap after GC invocations=4 (full 0):
 PSYoungGen      total 29696K, used 4065K [0x00000000d5580000, 0x00000000d7680000, 0x0000000100000000)
  eden space 25600K, 0% used [0x00000000d5580000,0x00000000d5580000,0x00000000d6e80000)
  from space 4096K, 99% used [0x00000000d7280000,0x00000000d7678450,0x00000000d7680000)
  to   space 4096K, 0% used [0x00000000d6e80000,0x00000000d6e80000,0x00000000d7280000)
 ParOldGen       total 68608K, used 6756K [0x0000000080000000, 0x0000000084300000, 0x00000000d5580000)
  object space 68608K, 9% used [0x0000000080000000,0x0000000080699280,0x0000000084300000)
 Metaspace       used 11744K, committed 12160K, reserved 1114112K
  class space    used 1241K, committed 1408K, reserved 1048576K
}
Event: 35.464 GC heap before
{Heap before GC invocations=5 (full 0):
 PSYoungGen      total 29696K, used 29665K [0x00000000d5580000, 0x00000000d7680000, 0x0000000100000000)
  eden space 25600K, 100% used [0x00000000d5580000,0x00000000d6e80000,0x00000000d6e80000)
  from space 4096K, 99% used [0x00000000d7280000,0x00000000d7678450,0x00000000d7680000)
  to   space 4096K, 0% used [0x00000000d6e80000,0x00000000d6e80000,0x00000000d7280000)
 ParOldGen       total 68608K, used 6756K [0x0000000080000000, 0x0000000084300000, 0x00000000d5580000)
  object space 68608K, 9% used [0x0000000080000000,0x0000000080699280,0x0000000084300000)
 Metaspace       used 15668K, committed 16320K, reserved 1114112K
  class space    used 1630K, committed 1920K, reserved 1048576K
}
Event: 35.472 GC heap after
{Heap after GC invocations=5 (full 0):
 PSYoungGen      total 29184K, used 4081K [0x00000000d5580000, 0x00000000d7900000, 0x0000000100000000)
  eden space 25088K, 0% used [0x00000000d5580000,0x00000000d5580000,0x00000000d6e00000)
  from space 4096K, 99% used [0x00000000d6e80000,0x00000000d727c700,0x00000000d7280000)
  to   space 5632K, 0% used [0x00000000d7380000,0x00000000d7380000,0x00000000d7900000)
 ParOldGen       total 68608K, used 7876K [0x0000000080000000, 0x0000000084300000, 0x00000000d5580000)
  object space 68608K, 11% used [0x0000000080000000,0x00000000807b12a0,0x0000000084300000)
 Metaspace       used 15668K, committed 16320K, reserved 1114112K
  class space    used 1630K, committed 1920K, reserved 1048576K
}
Event: 39.090 GC heap before
{Heap before GC invocations=6 (full 0):
 PSYoungGen      total 29184K, used 29169K [0x00000000d5580000, 0x00000000d7900000, 0x0000000100000000)
  eden space 25088K, 100% used [0x00000000d5580000,0x00000000d6e00000,0x00000000d6e00000)
  from space 4096K, 99% used [0x00000000d6e80000,0x00000000d727c700,0x00000000d7280000)
  to   space 5632K, 0% used [0x00000000d7380000,0x00000000d7380000,0x00000000d7900000)
 ParOldGen       total 68608K, used 7876K [0x0000000080000000, 0x0000000084300000, 0x00000000d5580000)
  object space 68608K, 11% used [0x0000000080000000,0x00000000807b12a0,0x0000000084300000)
 Metaspace       used 18824K, committed 19648K, reserved 1114112K
  class space    used 1976K, committed 2304K, reserved 1048576K
}
Event: 39.098 GC heap after
{Heap after GC invocations=6 (full 0):
 PSYoungGen      total 29696K, used 4723K [0x00000000d5580000, 0x00000000d7880000, 0x0000000100000000)
  eden space 24576K, 0% used [0x00000000d5580000,0x00000000d5580000,0x00000000d6d80000)
  from space 5120K, 92% used [0x00000000d7380000,0x00000000d781cea0,0x00000000d7880000)
  to   space 5120K, 0% used [0x00000000d6e80000,0x00000000d6e80000,0x00000000d7380000)
 ParOldGen       total 68608K, used 7884K [0x0000000080000000, 0x0000000084300000, 0x00000000d5580000)
  object space 68608K, 11% used [0x0000000080000000,0x00000000807b32a0,0x0000000084300000)
 Metaspace       used 18824K, committed 19648K, reserved 1114112K
  class space    used 1976K, committed 2304K, reserved 1048576K
}
Event: 40.165 GC heap before
{Heap before GC invocations=7 (full 0):
 PSYoungGen      total 29696K, used 22171K [0x00000000d5580000, 0x00000000d7880000, 0x0000000100000000)
  eden space 24576K, 70% used [0x00000000d5580000,0x00000000d668a100,0x00000000d6d80000)
  from space 5120K, 92% used [0x00000000d7380000,0x00000000d781cea0,0x00000000d7880000)
  to   space 5120K, 0% used [0x00000000d6e80000,0x00000000d6e80000,0x00000000d7380000)
 ParOldGen       total 68608K, used 7884K [0x0000000080000000, 0x0000000084300000, 0x00000000d5580000)
  object space 68608K, 11% used [0x0000000080000000,0x00000000807b32a0,0x0000000084300000)
 Metaspace       used 20626K, committed 21504K, reserved 1114112K
  class space    used 2199K, committed 2560K, reserved 1048576K
}
Event: 40.173 GC heap after
{Heap after GC invocations=7 (full 0):
 PSYoungGen      total 29184K, used 4148K [0x00000000d5580000, 0x00000000d7680000, 0x0000000100000000)
  eden space 24576K, 0% used [0x00000000d5580000,0x00000000d5580000,0x00000000d6d80000)
  from space 4608K, 90% used [0x00000000d6e80000,0x00000000d728d1d0,0x00000000d7300000)
  to   space 3584K, 0% used [0x00000000d7300000,0x00000000d7300000,0x00000000d7680000)
 ParOldGen       total 68608K, used 9480K [0x0000000080000000, 0x0000000084300000, 0x00000000d5580000)
  object space 68608K, 13% used [0x0000000080000000,0x0000000080942280,0x0000000084300000)
 Metaspace       used 20626K, committed 21504K, reserved 1114112K
  class space    used 2199K, committed 2560K, reserved 1048576K
}
Event: 40.173 GC heap before
{Heap before GC invocations=8 (full 1):
 PSYoungGen      total 29184K, used 4148K [0x00000000d5580000, 0x00000000d7680000, 0x0000000100000000)
  eden space 24576K, 0% used [0x00000000d5580000,0x00000000d5580000,0x00000000d6d80000)
  from space 4608K, 90% used [0x00000000d6e80000,0x00000000d728d1d0,0x00000000d7300000)
  to   space 3584K, 0% used [0x00000000d7300000,0x00000000d7300000,0x00000000d7680000)
 ParOldGen       total 68608K, used 9480K [0x0000000080000000, 0x0000000084300000, 0x00000000d5580000)
  object space 68608K, 13% used [0x0000000080000000,0x0000000080942280,0x0000000084300000)
 Metaspace       used 20626K, committed 21504K, reserved 1114112K
  class space    used 2199K, committed 2560K, reserved 1048576K
}
Event: 40.245 GC heap after
{Heap after GC invocations=8 (full 1):
 PSYoungGen      total 29184K, used 0K [0x00000000d5580000, 0x00000000d7680000, 0x0000000100000000)
  eden space 24576K, 0% used [0x00000000d5580000,0x00000000d5580000,0x00000000d6d80000)
  from space 4608K, 0% used [0x00000000d6e80000,0x00000000d6e80000,0x00000000d7300000)
  to   space 3584K, 0% used [0x00000000d7300000,0x00000000d7300000,0x00000000d7680000)
 ParOldGen       total 68608K, used 13129K [0x0000000080000000, 0x0000000084300000, 0x00000000d5580000)
  object space 68608K, 19% used [0x0000000080000000,0x0000000080cd2500,0x0000000084300000)
 Metaspace       used 20613K, committed 21504K, reserved 1114112K
  class space    used 2196K, committed 2560K, reserved 1048576K
}
Event: 41.992 GC heap before
{Heap before GC invocations=9 (full 1):
 PSYoungGen      total 29184K, used 24576K [0x00000000d5580000, 0x00000000d7680000, 0x0000000100000000)
  eden space 24576K, 100% used [0x00000000d5580000,0x00000000d6d80000,0x00000000d6d80000)
  from space 4608K, 0% used [0x00000000d6e80000,0x00000000d6e80000,0x00000000d7300000)
  to   space 3584K, 0% used [0x00000000d7300000,0x00000000d7300000,0x00000000d7680000)
 ParOldGen       total 68608K, used 13129K [0x0000000080000000, 0x0000000084300000, 0x00000000d5580000)
  object space 68608K, 19% used [0x0000000080000000,0x0000000080cd2500,0x0000000084300000)
 Metaspace       used 22823K, committed 23808K, reserved 1114112K
  class space    used 2386K, committed 2816K, reserved 1048576K
}
Event: 41.995 GC heap after
{Heap after GC invocations=9 (full 1):
 PSYoungGen      total 27648K, used 3127K [0x00000000d5580000, 0x00000000d7680000, 0x0000000100000000)
  eden space 24064K, 0% used [0x00000000d5580000,0x00000000d5580000,0x00000000d6d00000)
  from space 3584K, 87% used [0x00000000d7300000,0x00000000d760dd18,0x00000000d7680000)
  to   space 3584K, 0% used [0x00000000d6f80000,0x00000000d6f80000,0x00000000d7300000)
 ParOldGen       total 68608K, used 13129K [0x0000000080000000, 0x0000000084300000, 0x00000000d5580000)
  object space 68608K, 19% used [0x0000000080000000,0x0000000080cd2500,0x0000000084300000)
 Metaspace       used 22823K, committed 23808K, reserved 1114112K
  class space    used 2386K, committed 2816K, reserved 1048576K
}
Event: 42.794 GC heap before
{Heap before GC invocations=10 (full 1):
 PSYoungGen      total 27648K, used 27171K [0x00000000d5580000, 0x00000000d7680000, 0x0000000100000000)
  eden space 24064K, 99% used [0x00000000d5580000,0x00000000d6cfaf20,0x00000000d6d00000)
  from space 3584K, 87% used [0x00000000d7300000,0x00000000d760dd18,0x00000000d7680000)
  to   space 3584K, 0% used [0x00000000d6f80000,0x00000000d6f80000,0x00000000d7300000)
 ParOldGen       total 68608K, used 13129K [0x0000000080000000, 0x0000000084300000, 0x00000000d5580000)
  object space 68608K, 19% used [0x0000000080000000,0x0000000080cd2500,0x0000000084300000)
 Metaspace       used 25964K, committed 26944K, reserved 1114112K
  class space    used 2681K, committed 3136K, reserved 1048576K
}
Event: 42.800 GC heap after
{Heap after GC invocations=10 (full 1):
 PSYoungGen      total 26112K, used 2098K [0x00000000d5580000, 0x00000000d7380000, 0x0000000100000000)
  eden space 23552K, 0% used [0x00000000d5580000,0x00000000d5580000,0x00000000d6c80000)
  from space 2560K, 81% used [0x00000000d6f80000,0x00000000d718cb00,0x00000000d7200000)
  to   space 1536K, 0% used [0x00000000d7200000,0x00000000d7200000,0x00000000d7380000)
 ParOldGen       total 68608K, used 13137K [0x0000000080000000, 0x0000000084300000, 0x00000000d5580000)
  object space 68608K, 19% used [0x0000000080000000,0x0000000080cd4500,0x0000000084300000)
 Metaspace       used 25964K, committed 26944K, reserved 1114112K
  class space    used 2681K, committed 3136K, reserved 1048576K
}
Event: 43.371 GC heap before
{Heap before GC invocations=11 (full 1):
 PSYoungGen      total 26112K, used 25650K [0x00000000d5580000, 0x00000000d7380000, 0x0000000100000000)
  eden space 23552K, 100% used [0x00000000d5580000,0x00000000d6c80000,0x00000000d6c80000)
  from space 2560K, 81% used [0x00000000d6f80000,0x00000000d718cb00,0x00000000d7200000)
  to   space 1536K, 0% used [0x00000000d7200000,0x00000000d7200000,0x00000000d7380000)
 ParOldGen       total 68608K, used 13137K [0x0000000080000000, 0x0000000084300000, 0x00000000d5580000)
  object space 68608K, 19% used [0x0000000080000000,0x0000000080cd4500,0x0000000084300000)
 Metaspace       used 28770K, committed 29696K, reserved 1114112K
  class space    used 3007K, committed 3456K, reserved 1048576K
}
Event: 43.377 GC heap after
{Heap after GC invocations=11 (full 1):
 PSYoungGen      total 24576K, used 1519K [0x00000000d5580000, 0x00000000d7500000, 0x0000000100000000)
  eden space 23040K, 0% used [0x00000000d5580000,0x00000000d5580000,0x00000000d6c00000)
  from space 1536K, 98% used [0x00000000d7200000,0x00000000d737bfb0,0x00000000d7380000)
  to   space 4608K, 0% used [0x00000000d6c00000,0x00000000d6c00000,0x00000000d7080000)
 ParOldGen       total 68608K, used 15595K [0x0000000080000000, 0x0000000084300000, 0x00000000d5580000)
  object space 68608K, 22% used [0x0000000080000000,0x0000000080f3ad80,0x0000000084300000)
 Metaspace       used 28770K, committed 29696K, reserved 1114112K
  class space    used 3007K, committed 3456K, reserved 1048576K
}
Event: 43.700 GC heap before
{Heap before GC invocations=12 (full 1):
 PSYoungGen      total 24576K, used 24559K [0x00000000d5580000, 0x00000000d7500000, 0x0000000100000000)
  eden space 23040K, 100% used [0x00000000d5580000,0x00000000d6c00000,0x00000000d6c00000)
  from space 1536K, 98% used [0x00000000d7200000,0x00000000d737bfb0,0x00000000d7380000)
  to   space 4608K, 0% used [0x00000000d6c00000,0x00000000d6c00000,0x00000000d7080000)
 ParOldGen       total 68608K, used 15595K [0x0000000080000000, 0x0000000084300000, 0x00000000d5580000)
  object space 68608K, 22% used [0x0000000080000000,0x0000000080f3ad80,0x0000000084300000)
 Metaspace       used 30161K, committed 31104K, reserved 1114112K
  class space    used 3107K, committed 3520K, reserved 1048576K
}
Event: 43.704 GC heap after
{Heap after GC invocations=12 (full 1):
 PSYoungGen      total 25088K, used 2376K [0x00000000d5580000, 0x00000000d7280000, 0x0000000100000000)
  eden space 22528K, 0% used [0x00000000d5580000,0x00000000d5580000,0x00000000d6b80000)
  from space 2560K, 92% used [0x00000000d6c00000,0x00000000d6e522b0,0x00000000d6e80000)
  to   space 3072K, 0% used [0x00000000d6f80000,0x00000000d6f80000,0x00000000d7280000)
 ParOldGen       total 68608K, used 16156K [0x0000000080000000, 0x0000000084300000, 0x00000000d5580000)
  object space 68608K, 23% used [0x0000000080000000,0x0000000080fc7258,0x0000000084300000)
 Metaspace       used 30161K, committed 31104K, reserved 1114112K
  class space    used 3107K, committed 3520K, reserved 1048576K
}

Dll operation events (10 events):
Event: 0.096 Loaded shared library c:\Users\ayila\.antigravity\extensions\redhat.java-1.53.0-win32-x64\jre\21.0.10-win32-x86_64\bin\java.dll
Event: 0.431 Loaded shared library c:\Users\ayila\.antigravity\extensions\redhat.java-1.53.0-win32-x64\jre\21.0.10-win32-x86_64\bin\zip.dll
Event: 0.691 Loaded shared library C:\Users\ayila\.antigravity\extensions\redhat.java-1.53.0-win32-x64\jre\21.0.10-win32-x86_64\bin\instrument.dll
Event: 0.938 Loaded shared library C:\Users\ayila\.antigravity\extensions\redhat.java-1.53.0-win32-x64\jre\21.0.10-win32-x86_64\bin\net.dll
Event: 1.025 Loaded shared library C:\Users\ayila\.antigravity\extensions\redhat.java-1.53.0-win32-x64\jre\21.0.10-win32-x86_64\bin\nio.dll
Event: 1.030 Loaded shared library C:\Users\ayila\.antigravity\extensions\redhat.java-1.53.0-win32-x64\jre\21.0.10-win32-x86_64\bin\zip.dll
Event: 1.475 Loaded shared library C:\Users\ayila\.antigravity\extensions\redhat.java-1.53.0-win32-x64\jre\21.0.10-win32-x86_64\bin\jimage.dll
Event: 1.849 Loaded shared library c:\Users\ayila\.antigravity\extensions\redhat.java-1.53.0-win32-x64\jre\21.0.10-win32-x86_64\bin\verify.dll
Event: 14.631 Loaded shared library C:\Users\ayila\AppData\Roaming\Antigravity\User\globalStorage\redhat.java\1.53.0\config_win\org.eclipse.equinox.launcher\org.eclipse.equinox.launcher.win32.win32.x86_64_1.3.0.v20260203-2149\eclipse_11919.dll
Event: 37.792 Loaded shared library C:\Users\ayila\AppData\Local\Temp\jna-93290598\jna7782758710945754855.dll

Deoptimization events (20 events):
Event: 43.398 Thread 0x000002017fb69730 Uncommon trap: trap_request=0xffffff45 fr.pc=0x000002012d8334d4 relative=0x0000000000000134
Event: 43.398 Thread 0x000002017fb69730 Uncommon trap: reason=unstable_if action=reinterpret pc=0x000002012d8334d4 method=java.util.ArrayList.indexOfRange(Ljava/lang/Object;II)I @ 7 c2
Event: 43.398 Thread 0x000002017fb69730 DEOPT PACKING pc=0x000002012d8334d4 sp=0x000000912f8fe120
Event: 43.398 Thread 0x000002017fb69730 DEOPT UNPACKING pc=0x000002012d1a3aa2 sp=0x000000912f8fdfe0 mode 2
Event: 43.420 Thread 0x000002017fb69730 Uncommon trap: trap_request=0xffffff45 fr.pc=0x000002012d8289c4 relative=0x0000000000000124
Event: 43.420 Thread 0x000002017fb69730 Uncommon trap: reason=unstable_if action=reinterpret pc=0x000002012d8289c4 method=java.util.ArrayList.indexOfRange(Ljava/lang/Object;II)I @ 7 c2
Event: 43.420 Thread 0x000002017fb69730 DEOPT PACKING pc=0x000002012d8289c4 sp=0x000000912f8fe040
Event: 43.420 Thread 0x000002017fb69730 DEOPT UNPACKING pc=0x000002012d1a3aa2 sp=0x000000912f8fdfe0 mode 2
Event: 43.420 Thread 0x000002017fb69730 Uncommon trap: trap_request=0xffffff45 fr.pc=0x000002012d905350 relative=0x00000000000017f0
Event: 43.420 Thread 0x000002017fb69730 Uncommon trap: reason=unstable_if action=reinterpret pc=0x000002012d905350 method=sun.nio.cs.StreamDecoder.implRead([CII)I @ 71 c2
Event: 43.421 Thread 0x000002017fb69730 DEOPT PACKING pc=0x000002012d905350 sp=0x000000912f8fdae0
Event: 43.421 Thread 0x000002017fb69730 DEOPT UNPACKING pc=0x000002012d1a3aa2 sp=0x000000912f8fd758 mode 2
Event: 43.584 Thread 0x000002017fb69730 Uncommon trap: trap_request=0xffffff45 fr.pc=0x000002012d926cc8 relative=0x00000000000008e8
Event: 43.584 Thread 0x000002017fb69730 Uncommon trap: reason=unstable_if action=reinterpret pc=0x000002012d926cc8 method=org.codehaus.plexus.util.xml.pull.MXParser.nextImpl()I @ 200 c2
Event: 43.584 Thread 0x000002017fb69730 DEOPT PACKING pc=0x000002012d926cc8 sp=0x000000912f8fe260
Event: 43.584 Thread 0x000002017fb69730 DEOPT UNPACKING pc=0x000002012d1a3aa2 sp=0x000000912f8fe1c0 mode 2
Event: 43.660 Thread 0x000002017fb69730 Uncommon trap: trap_request=0xffffff45 fr.pc=0x000002012d916a38 relative=0x00000000000009b8
Event: 43.660 Thread 0x000002017fb69730 Uncommon trap: reason=unstable_if action=reinterpret pc=0x000002012d916a38 method=sun.nio.cs.StreamDecoder.lockedRead0()I @ 30 c2
Event: 43.660 Thread 0x000002017fb69730 DEOPT PACKING pc=0x000002012d916a38 sp=0x000000912f8fddc0
Event: 43.660 Thread 0x000002017fb69730 DEOPT UNPACKING pc=0x000002012d1a3aa2 sp=0x000000912f8fdc58 mode 2

Classes loaded (20 events):
Event: 43.048 Loading class java/lang/reflect/ParameterizedType
Event: 43.048 Loading class java/lang/reflect/ParameterizedType done
Event: 43.056 Loading class java/lang/reflect/WildcardType
Event: 43.057 Loading class java/lang/reflect/WildcardType done
Event: 43.063 Loading class sun/reflect/generics/tree/TypeVariableSignature
Event: 43.064 Loading class sun/reflect/generics/tree/TypeVariableSignature done
Event: 43.115 Loading class java/lang/Deprecated
Event: 43.115 Loading class java/lang/Deprecated done
Event: 43.297 Loading class java/lang/annotation/IncompleteAnnotationException
Event: 43.297 Loading class java/lang/annotation/IncompleteAnnotationException done
Event: 43.438 Loading class java/lang/foreign/MemorySegment
Event: 43.439 Loading class java/lang/foreign/MemorySegment done
Event: 43.673 Loading class sun/reflect/generics/reflectiveObjects/TypeVariableImpl
Event: 43.673 Loading class sun/reflect/generics/reflectiveObjects/LazyReflectiveObjectGenerator
Event: 43.673 Loading class sun/reflect/generics/reflectiveObjects/LazyReflectiveObjectGenerator done
Event: 43.673 Loading class sun/reflect/generics/reflectiveObjects/TypeVariableImpl done
Event: 43.673 Loading class sun/reflect/generics/reflectiveObjects/ParameterizedTypeImpl
Event: 43.673 Loading class sun/reflect/generics/reflectiveObjects/ParameterizedTypeImpl done
Event: 43.856 Loading class org/w3c/dom/DOMException
Event: 43.859 Loading class org/w3c/dom/DOMException done

Classes unloaded (7 events):
Event: 40.182 Thread 0x00000201228ed830 Unloading class 0x000002013b1aa000 'java/lang/invoke/LambdaForm$MH+0x000002013b1aa000'
Event: 40.182 Thread 0x00000201228ed830 Unloading class 0x000002013b1a9c00 'java/lang/invoke/LambdaForm$MH+0x000002013b1a9c00'
Event: 40.182 Thread 0x00000201228ed830 Unloading class 0x000002013b1a9800 'java/lang/invoke/LambdaForm$MH+0x000002013b1a9800'
Event: 40.182 Thread 0x00000201228ed830 Unloading class 0x000002013b1a9400 'java/lang/invoke/LambdaForm$MH+0x000002013b1a9400'
Event: 40.182 Thread 0x00000201228ed830 Unloading class 0x000002013b1a9000 'java/lang/invoke/LambdaForm$BMH+0x000002013b1a9000'
Event: 40.182 Thread 0x00000201228ed830 Unloading class 0x000002013b1a8c00 'java/lang/invoke/LambdaForm$DMH+0x000002013b1a8c00'
Event: 40.182 Thread 0x00000201228ed830 Unloading class 0x000002013b1a3800 'java/lang/invoke/LambdaForm$DMH+0x000002013b1a3800'

Classes redefined (0 events):
No events

Internal exceptions (20 events):
Event: 40.154 Thread 0x000002017f62aaa0 Exception <a 'java/lang/NoSuchMethodError'{0x00000000d6630590}: 'int java.lang.invoke.DirectMethodHandle$Holder.invokeStaticInit(java.lang.Object, int, int)'> (0x00000000d6630590) 
thrown [s\src\hotspot\share\interpreter\linkResolver.cpp, line 773]
Event: 40.155 Thread 0x000002017f62aaa0 Exception <a 'java/lang/NoSuchMethodError'{0x00000000d6638918}: 'int java.lang.invoke.DirectMethodHandle$Holder.invokeStaticInit(java.lang.Object, long, long)'> (0x00000000d6638918) 
thrown [s\src\hotspot\share\interpreter\linkResolver.cpp, line 773]
Event: 40.157 Thread 0x000002017f62aaa0 Exception <a 'java/lang/NoSuchMethodError'{0x00000000d66402d0}: 'int java.lang.invoke.DirectMethodHandle$Holder.invokeStaticInit(java.lang.Object, float, float)'> (0x00000000d66402d0) 
thrown [s\src\hotspot\share\interpreter\linkResolver.cpp, line 773]
Event: 40.157 Thread 0x000002017f62aaa0 Exception <a 'java/lang/NoSuchMethodError'{0x00000000d6647c80}: 'int java.lang.invoke.DirectMethodHandle$Holder.invokeStaticInit(java.lang.Object, double, double)'> (0x00000000d6647c80) 
thrown [s\src\hotspot\share\interpreter\linkResolver.cpp, line 773]
Event: 40.158 Thread 0x000002017f62aaa0 Exception <a 'java/lang/NoSuchMethodError'{0x00000000d664d098}: 'int java.lang.invoke.DirectMethodHandle$Holder.invokeStatic(java.lang.Object, long)'> (0x00000000d664d098) 
thrown [s\src\hotspot\share\interpreter\linkResolver.cpp, line 773]
Event: 40.160 Thread 0x000002017f62aaa0 Exception <a 'java/lang/NoSuchMethodError'{0x00000000d665ec30}: 'int java.lang.invoke.DirectMethodHandle$Holder.invokeSpecial(java.lang.Object, java.lang.Object, int, int)'> (0x00000000d665ec30) 
thrown [s\src\hotspot\share\interpreter\linkResolver.cpp, line 773]
Event: 40.251 Thread 0x000002017f62aaa0 Exception <a 'java/lang/NoSuchMethodError'{0x00000000d5591b18}: 'int java.lang.invoke.Invokers$Holder.linkToTargetMethod(java.lang.Object, java.lang.Object)'> (0x00000000d5591b18) 
thrown [s\src\hotspot\share\interpreter\linkResolver.cpp, line 773]
Event: 40.317 Thread 0x000002017f62aaa0 Exception <a 'java/lang/NoSuchMethodError'{0x00000000d5680630}: 'java.lang.Object java.lang.invoke.Invokers$Holder.invoke_MT(java.lang.Object, java.lang.Object, java.lang.Object, java.lang.Object, java.lang.Object, java.lang.Object, java.lang.Object, java.lang.Object, java.lang.Object, java.lang.Object, java.lang.Object)'> (0x00000000d5680630) 
thrown [s\src\hotspot\share\interpreter\linkResolver.cpp, line 773]
Event: 40.351 Thread 0x000002017f62aaa0 Exception <a 'java/lang/NoSuchMethodError'{0x00000000d570cc90}: 'java.lang.Object java.lang.invoke.Invokers$Holder.invoke_MT(java.lang.Object, java.lang.Object, java.lang.Object, java.lang.Object, java.lang.Object, java.lang.Object, java.lang.Object, java.lang.Object, java.lang.Object, java.lang.Object)'> (0x00000000d570cc90) 
thrown [s\src\hotspot\share\interpreter\linkResolver.cpp, line 773]
Event: 40.375 Thread 0x000002017f62aaa0 Exception <a 'java/lang/NoSuchMethodError'{0x00000000d57b4818}: 'java.lang.Object java.lang.invoke.DirectMethodHandle$Holder.newInvokeSpecial(java.lang.Object, java.lang.Object, java.lang.Object, java.lang.Object, java.lang.Object, java.lang.Object, java.lang.Object)'> (0x00000000d57b4818) 
thrown [s\src\hotspot\share\interpreter\linkResolver.cpp, line 773]
Event: 40.409 Thread 0x000002017f62aaa0 Exception <a 'java/lang/NoSuchMethodError'{0x00000000d5840dc0}: 'java.lang.Object java.lang.invoke.Invokers$Holder.invoker(java.lang.Object, java.lang.Object, java.lang.Object, java.lang.Object, java.lang.Object, java.lang.Object, java.lang.Object, java.lang.Object, java.lang.Object, java.lang.Object, java.lang.Object, java.lang.Object, java.lang.Object)'> (0x00000000d5840dc0) 
thrown [s\src\hotspot\share\interpreter\linkResolver.cpp, line 773]
Event: 40.410 Thread 0x000002017f62aaa0 Exception <a 'java/lang/NoSuchMethodError'{0x00000000d584b258}: 'java.lang.Object java.lang.invoke.DelegatingMethodHandle$Holder.delegate(java.lang.Object, java.lang.Object, java.lang.Object, java.lang.Object, java.lang.Object, java.lang.Object, java.lang.Object, java.lang.Object, java.lang.Object, java.lang.Object, java.lang.Object, java.lang.Object, java.lang.Object)'> (0x00000000d584b258) 
thrown [s\src\hotspot\share\interpreter\linkResolver.cpp, line 773]
Event: 40.463 Thread 0x000002017f62aaa0 Exception <a 'java/lang/NoSuchMethodError'{0x00000000d58bb7c0}: static Lorg/eclipse/m2e/core/internal/lifecyclemapping/model/PluginExecutionMetadata;.<clinit>()V> (0x00000000d58bb7c0) 
thrown [s\src\hotspot\share\prims\jni.cpp, line 1111]
Event: 40.492 Thread 0x000002017f62aaa0 Exception <a 'java/lang/NoSuchMethodError'{0x00000000d592fce0}: static Lorg/eclipse/m2e/core/internal/lifecyclemapping/model/PluginExecutionFilter;.<clinit>()V> (0x00000000d592fce0) 
thrown [s\src\hotspot\share\prims\jni.cpp, line 1111]
Event: 40.612 Thread 0x000002017f62aaa0 Exception <a 'java/lang/NoSuchMethodError'{0x00000000d595f658}: static Lorg/eclipse/m2e/core/internal/project/registry/MavenProjectFacade$MavenProjectConfiguration;.<clinit>()V> (0x00000000d595f658) 
thrown [s\src\hotspot\share\prims\jni.cpp, line 1111]
Event: 41.530 Thread 0x000002017f62aaa0 Exception <a 'java/lang/NoSuchMethodError'{0x00000000d6240c60}: 'double java.lang.invoke.DirectMethodHandle$Holder.invokeStatic(java.lang.Object, java.lang.Object)'> (0x00000000d6240c60) 
thrown [s\src\hotspot\share\interpreter\linkResolver.cpp, line 773]
Event: 41.531 Thread 0x000002017f62aaa0 Exception <a 'java/lang/NoSuchMethodError'{0x00000000d6244320}: 'double java.lang.invoke.DirectMethodHandle$Holder.invokeStaticInit(java.lang.Object, java.lang.Object)'> (0x00000000d6244320) 
thrown [s\src\hotspot\share\interpreter\linkResolver.cpp, line 773]
Event: 42.205 Thread 0x000002017fb69730 Exception <a 'java/lang/NoSuchMethodError'{0x00000000d5d07b48}: 'java.lang.Object java.lang.invoke.DirectMethodHandle$Holder.invokeSpecialIFC(java.lang.Object, java.lang.Object, java.lang.Object, java.lang.Object)'> (0x00000000d5d07b48) 
thrown [s\src\hotspot\share\interpreter\linkResolver.cpp, line 773]
Event: 43.297 Thread 0x000002017fb69730 Exception <a 'java/lang/NoClassDefFoundError'{0x00000000d6a8adb0}: javax/enterprise/inject/Typed> (0x00000000d6a8adb0) 
thrown [s\src\hotspot\share\classfile\systemDictionary.cpp, line 301]
Event: 43.707 Thread 0x000002017f62aaa0 Exception <a 'java/lang/NoSuchMethodError'{0x00000000d5740968}: 'java.lang.Object java.lang.invoke.DirectMethodHandle$Holder.newInvokeSpecial(java.lang.Object, int, java.lang.Object, java.lang.Object)'> (0x00000000d5740968) 
thrown [s\src\hotspot\share\interpreter\linkResolver.cpp, line 773]

ZGC Phase Switch (0 events):
No events

VM Operations (20 events):
Event: 40.110 Executing non-safepoint VM operation: HandshakeAllThreads (Deoptimize)
Event: 40.110 Executing non-safepoint VM operation: HandshakeAllThreads (Deoptimize) done
Event: 40.110 Executing safepoint VM operation: Cleanup
Event: 40.110 Executing safepoint VM operation: Cleanup done
Event: 40.165 Executing safepoint VM operation: CollectForMetadataAllocation (Metadata GC Threshold)
Event: 40.245 Executing safepoint VM operation: CollectForMetadataAllocation (Metadata GC Threshold) done
Event: 41.259 Executing safepoint VM operation: Cleanup
Event: 41.259 Executing safepoint VM operation: Cleanup done
Event: 41.992 Executing safepoint VM operation: ParallelGCFailedAllocation (Allocation Failure)
Event: 41.995 Executing safepoint VM operation: ParallelGCFailedAllocation (Allocation Failure) done
Event: 42.089 Executing non-safepoint VM operation: HandshakeAllThreads (Deoptimize)
Event: 42.089 Executing non-safepoint VM operation: HandshakeAllThreads (Deoptimize) done
Event: 42.794 Executing safepoint VM operation: ParallelGCFailedAllocation (Allocation Failure)
Event: 42.801 Executing safepoint VM operation: ParallelGCFailedAllocation (Allocation Failure) done
Event: 43.223 Executing non-safepoint VM operation: HandshakeAllThreads (Deoptimize)
Event: 43.223 Executing non-safepoint VM operation: HandshakeAllThreads (Deoptimize) done
Event: 43.371 Executing safepoint VM operation: ParallelGCFailedAllocation (Allocation Failure)
Event: 43.377 Executing safepoint VM operation: ParallelGCFailedAllocation (Allocation Failure) done
Event: 43.700 Executing safepoint VM operation: ParallelGCFailedAllocation (Allocation Failure)
Event: 43.704 Executing safepoint VM operation: ParallelGCFailedAllocation (Allocation Failure) done

Memory protections (0 events):
No events

Nmethod flushes (0 events):
No events

Events (20 events):
Event: 6.079 Thread 0x00000201229a1270 Thread added: 0x000002017f432480
Event: 6.375 Thread 0x000002017f432480 Thread exited: 0x000002017f432480
Event: 6.758 Thread 0x00000201229a1270 Thread added: 0x000002017fabb960
Event: 6.928 Thread 0x000002017fabb960 Thread exited: 0x000002017fabb960
Event: 10.397 Thread 0x00000201206b4710 Thread added: 0x000002017f472520
Event: 14.539 Thread 0x00000201206b4710 Thread added: 0x000002017f7947b0
Event: 15.207 Thread 0x000002017f7947b0 Thread added: 0x000002017f35a420
Event: 15.264 Thread 0x00000201206b4710 Thread added: 0x000002017f62aaa0
Event: 21.621 Thread 0x000002017f62aaa0 Thread added: 0x000002010014e820
Event: 27.596 Thread 0x000002017f62aaa0 Thread added: 0x000002017fa10580
Event: 28.107 Thread 0x00000201229a1270 Thread added: 0x000002017f26fc10
Event: 28.341 Thread 0x000002017f26fc10 Thread exited: 0x000002017f26fc10
Event: 30.989 Thread 0x000002017f62aaa0 Thread added: 0x000002017f57f340
Event: 37.968 Thread 0x000002017f62aaa0 Thread added: 0x000002017fb67cf0
Event: 38.215 Thread 0x000002017f62aaa0 Thread added: 0x000002017fb69730
Event: 38.278 Thread 0x000002017fb69730 Thread added: 0x000002017fb66fd0
Event: 40.560 Thread 0x00000201229152a0 Thread added: 0x0000020100c0ec20
Event: 41.531 Thread 0x0000020100c0ec20 Thread exited: 0x0000020100c0ec20
Event: 42.364 Thread 0x000002017fb66fd0 Thread added: 0x000002017fb67660
Event: 42.392 Thread 0x00000201229a1270 Thread added: 0x0000020100234f00


Dynamic libraries:
0x00007ff793eb0000 - 0x00007ff793ebe000 	c:\Users\ayila\.antigravity\extensions\redhat.java-1.53.0-win32-x64\jre\21.0.10-win32-x86_64\bin\java.exe
0x00007ffb2d9a0000 - 0x00007ffb2dc07000 	C:\WINDOWS\SYSTEM32\ntdll.dll
0x00007ffb2c390000 - 0x00007ffb2c459000 	C:\WINDOWS\System32\KERNEL32.DLL
0x00007ffb2b340000 - 0x00007ffb2b72f000 	C:\WINDOWS\System32\KERNELBASE.dll
0x00007ffb2ac60000 - 0x00007ffb2adab000 	C:\WINDOWS\System32\ucrtbase.dll
0x00007ffb17a20000 - 0x00007ffb17a38000 	c:\Users\ayila\.antigravity\extensions\redhat.java-1.53.0-win32-x64\jre\21.0.10-win32-x86_64\bin\jli.dll
0x00007ffb2cbf0000 - 0x00007ffb2cdb5000 	C:\WINDOWS\System32\USER32.dll
0x00007ffb2b280000 - 0x00007ffb2b2a7000 	C:\WINDOWS\System32\win32u.dll
0x00007ffb2c540000 - 0x00007ffb2c56b000 	C:\WINDOWS\System32\GDI32.dll
0x00007ffb2af20000 - 0x00007ffb2b04c000 	C:\WINDOWS\System32\gdi32full.dll
0x00007ffb2ae70000 - 0x00007ffb2af13000 	C:\WINDOWS\System32\msvcp_win.dll
0x00007ffb14fe0000 - 0x00007ffb14ffe000 	c:\Users\ayila\.antigravity\extensions\redhat.java-1.53.0-win32-x64\jre\21.0.10-win32-x86_64\bin\VCRUNTIME140.dll
0x00007ffb1ab70000 - 0x00007ffb1ae03000 	C:\WINDOWS\WinSxS\amd64_microsoft.windows.common-controls_6595b64144ccf1df_6.0.26100.7309_none_3e05feeae336a044\COMCTL32.dll
0x00007ffb2d3e0000 - 0x00007ffb2d489000 	C:\WINDOWS\System32\msvcrt.dll
0x00007ffb2ce10000 - 0x00007ffb2ce41000 	C:\WINDOWS\System32\IMM32.DLL
0x00007ffb22410000 - 0x00007ffb2241c000 	c:\Users\ayila\.antigravity\extensions\redhat.java-1.53.0-win32-x64\jre\21.0.10-win32-x86_64\bin\vcruntime140_1.dll
0x00007ffae1090000 - 0x00007ffae111d000 	c:\Users\ayila\.antigravity\extensions\redhat.java-1.53.0-win32-x64\jre\21.0.10-win32-x86_64\bin\msvcp140.dll
0x00007ffab0ae0000 - 0x00007ffab1881000 	c:\Users\ayila\.antigravity\extensions\redhat.java-1.53.0-win32-x64\jre\21.0.10-win32-x86_64\bin\server\jvm.dll
0x00007ffb2c9e0000 - 0x00007ffb2ca94000 	C:\WINDOWS\System32\ADVAPI32.dll
0x00007ffb2c580000 - 0x00007ffb2c626000 	C:\WINDOWS\System32\sechost.dll
0x00007ffb2caa0000 - 0x00007ffb2cbb8000 	C:\WINDOWS\System32\RPCRT4.dll
0x00007ffb2bab0000 - 0x00007ffb2bb24000 	C:\WINDOWS\System32\WS2_32.dll
0x00007ffb2a970000 - 0x00007ffb2a9ce000 	C:\WINDOWS\SYSTEM32\POWRPROF.dll
0x00007ffb19b60000 - 0x00007ffb19b95000 	C:\WINDOWS\SYSTEM32\WINMM.dll
0x00007ffb1e310000 - 0x00007ffb1e31b000 	C:\WINDOWS\SYSTEM32\VERSION.dll
0x00007ffb2a950000 - 0x00007ffb2a964000 	C:\WINDOWS\SYSTEM32\UMPDC.dll
0x00007ffb29860000 - 0x00007ffb2987b000 	C:\WINDOWS\SYSTEM32\kernel.appcore.dll
0x00007ffb223d0000 - 0x00007ffb223da000 	c:\Users\ayila\.antigravity\extensions\redhat.java-1.53.0-win32-x64\jre\21.0.10-win32-x86_64\bin\jimage.dll
0x00007ffb282f0000 - 0x00007ffb28532000 	C:\WINDOWS\SYSTEM32\DBGHELP.DLL
0x00007ffb2c640000 - 0x00007ffb2c9c6000 	C:\WINDOWS\System32\combase.dll
0x00007ffb2c460000 - 0x00007ffb2c536000 	C:\WINDOWS\System32\OLEAUT32.dll
0x00007ffb09290000 - 0x00007ffb092cc000 	C:\WINDOWS\SYSTEM32\dbgcore.DLL
0x00007ffb2b050000 - 0x00007ffb2b0f5000 	C:\WINDOWS\System32\bcryptPrimitives.dll
0x00007ffb209d0000 - 0x00007ffb209df000 	c:\Users\ayila\.antigravity\extensions\redhat.java-1.53.0-win32-x64\jre\21.0.10-win32-x86_64\bin\instrument.dll
0x00007ffb12d10000 - 0x00007ffb12d30000 	c:\Users\ayila\.antigravity\extensions\redhat.java-1.53.0-win32-x64\jre\21.0.10-win32-x86_64\bin\java.dll
0x00007ffb2bc30000 - 0x00007ffb2c383000 	C:\WINDOWS\System32\SHELL32.dll
0x00007ffb2aaf0000 - 0x00007ffb2ac5a000 	C:\WINDOWS\System32\wintypes.dll
0x00007ffb286d0000 - 0x00007ffb28f2e000 	C:\WINDOWS\SYSTEM32\windows.storage.dll
0x00007ffb2bb30000 - 0x00007ffb2bc25000 	C:\WINDOWS\System32\SHCORE.dll
0x00007ffb2ce50000 - 0x00007ffb2ceb6000 	C:\WINDOWS\System32\shlwapi.dll
0x00007ffb2aa10000 - 0x00007ffb2aa39000 	C:\WINDOWS\SYSTEM32\profapi.dll
0x00007ffb0fa80000 - 0x00007ffb0fa98000 	c:\Users\ayila\.antigravity\extensions\redhat.java-1.53.0-win32-x64\jre\21.0.10-win32-x86_64\bin\zip.dll
0x00007ffb21230000 - 0x00007ffb21240000 	C:\Users\ayila\.antigravity\extensions\redhat.java-1.53.0-win32-x64\jre\21.0.10-win32-x86_64\bin\net.dll
0x00007ffb24680000 - 0x00007ffb247a8000 	C:\WINDOWS\SYSTEM32\WINHTTP.dll
0x00007ffb29db0000 - 0x00007ffb29e1b000 	C:\WINDOWS\system32\mswsock.dll
0x00007ffb0fa60000 - 0x00007ffb0fa76000 	C:\Users\ayila\.antigravity\extensions\redhat.java-1.53.0-win32-x64\jre\21.0.10-win32-x86_64\bin\nio.dll
0x00007ffb203c0000 - 0x00007ffb203d0000 	c:\Users\ayila\.antigravity\extensions\redhat.java-1.53.0-win32-x64\jre\21.0.10-win32-x86_64\bin\verify.dll
0x00007ffb04530000 - 0x00007ffb04575000 	C:\Users\ayila\AppData\Roaming\Antigravity\User\globalStorage\redhat.java\1.53.0\config_win\org.eclipse.equinox.launcher\org.eclipse.equinox.launcher.win32.win32.x86_64_1.3.0.v20260203-2149\eclipse_11919.dll
0x00007ffb2d6c0000 - 0x00007ffb2d857000 	C:\WINDOWS\System32\ole32.dll
0x00007ffb2a1a0000 - 0x00007ffb2a1bb000 	C:\WINDOWS\SYSTEM32\CRYPTSP.dll
0x00007ffb297c0000 - 0x00007ffb297fa000 	C:\WINDOWS\system32\rsaenh.dll
0x00007ffb29e60000 - 0x00007ffb29e8b000 	C:\WINDOWS\SYSTEM32\USERENV.dll
0x00007ffb2a9e0000 - 0x00007ffb2aa0a000 	C:\WINDOWS\SYSTEM32\bcrypt.dll
0x00007ffb2a000000 - 0x00007ffb2a00c000 	C:\WINDOWS\SYSTEM32\CRYPTBASE.dll
0x00007ffb29250000 - 0x00007ffb29284000 	C:\WINDOWS\SYSTEM32\IPHLPAPI.DLL
0x00007ffb2c570000 - 0x00007ffb2c57a000 	C:\WINDOWS\System32\NSI.dll
0x00007ffaf5720000 - 0x00007ffaf5769000 	C:\Users\ayila\AppData\Local\Temp\jna-93290598\jna7782758710945754855.dll
0x00007ffb2b9a0000 - 0x00007ffb2b9a8000 	C:\WINDOWS\System32\PSAPI.DLL

JVMTI agents:
c:\Users\ayila\.antigravity\extensions\redhat.java-1.53.0-win32-x64\lombok\lombok-1.18.39-4050.jar path:c:\Users\ayila\.antigravity\extensions\redhat.java-1.53.0-win32-x64\jre\21.0.10-win32-x86_64\bin\instrument.dll, loaded, initialized, instrumentlib options:none

dbghelp: loaded successfully - version: 4.0.5 - missing functions: none
symbol engine: initialized successfully - sym options: 0x614 - pdb path: .;c:\Users\ayila\.antigravity\extensions\redhat.java-1.53.0-win32-x64\jre\21.0.10-win32-x86_64\bin;C:\WINDOWS\SYSTEM32;C:\WINDOWS\WinSxS\amd64_microsoft.windows.common-controls_6595b64144ccf1df_6.0.26100.7309_none_3e05feeae336a044;c:\Users\ayila\.antigravity\extensions\redhat.java-1.53.0-win32-x64\jre\21.0.10-win32-x86_64\bin\server;C:\Users\ayila\AppData\Roaming\Antigravity\User\globalStorage\redhat.java\1.53.0\config_win\org.eclipse.equinox.launcher\org.eclipse.equinox.launcher.win32.win32.x86_64_1.3.0.v20260203-2149;C:\Users\ayila\AppData\Local\Temp\jna-93290598

VM Arguments:
jvm_args: --add-modules=ALL-SYSTEM --add-opens=java.base/java.util=ALL-UNNAMED --add-opens=java.base/java.lang=ALL-UNNAMED --add-opens=java.base/sun.nio.fs=ALL-UNNAMED -Declipse.application=org.eclipse.jdt.ls.core.id1 -Dosgi.bundles.defaultStartLevel=4 -Declipse.product=org.eclipse.jdt.ls.core.product -Djava.import.generatesMetadataFilesAtProjectRoot=false -DDetectVMInstallationsJob.disabled=true -Dfile.encoding=utf8 -XX:+UseParallelGC -XX:GCTimeRatio=4 -XX:AdaptiveSizePolicyWeight=90 -Dsun.zip.disableMemoryMapping=true -Xmx2G -Xms100m -Xlog:disable -javaagent:c:\Users\ayila\.antigravity\extensions\redhat.java-1.53.0-win32-x64\lombok\lombok-1.18.39-4050.jar -XX:+HeapDumpOnOutOfMemoryError -XX:HeapDumpPath=c:\Users\ayila\AppData\Roaming\Antigravity\User\workspaceStorage\9f33df4433eb2f36f8a66c10559f9e6b\redhat.java -Daether.dependencyCollector.impl=bf 
java_command: c:\Users\ayila\.antigravity\extensions\redhat.java-1.53.0-win32-x64\server\plugins\org.eclipse.equinox.launcher_1.7.100.v20251111-0406.jar -configuration c:\Users\ayila\AppData\Roaming\Antigravity\User\globalStorage\redhat.java\1.53.0\config_win -data c:\Users\ayila\AppData\Roaming\Antigravity\User\workspaceStorage\9f33df4433eb2f36f8a66c10559f9e6b\redhat.java\jdt_ws --pipe=\\.\pipe\lsp-9844ea1c04b506fef58b120553b91ede-sock
java_class_path (initial): c:\Users\ayila\.antigravity\extensions\redhat.java-1.53.0-win32-x64\server\plugins\org.eclipse.equinox.launcher_1.7.100.v20251111-0406.jar
Launcher Type: SUN_STANDARD

[Global flags]
    uintx AdaptiveSizePolicyWeight                 = 90                                        {product} {command line}
     intx CICompilerCount                          = 3                                         {product} {ergonomic}
    uintx GCTimeRatio                              = 4                                         {product} {command line}
     bool HeapDumpOnOutOfMemoryError               = true                                   {manageable} {command line}
    ccstr HeapDumpPath                             = c:\Users\ayila\AppData\Roaming\Antigravity\User\workspaceStorage\9f33df4433eb2f36f8a66c10559f9e6b\redhat.java         {manageable} {command line}
   size_t InitialHeapSize                          = 104857600                                 {product} {command line}
   size_t MaxHeapSize                              = 2147483648                                {product} {command line}
   size_t MaxNewSize                               = 715653120                                 {product} {ergonomic}
   size_t MinHeapDeltaBytes                        = 524288                                    {product} {ergonomic}
   size_t MinHeapSize                              = 104857600                                 {product} {command line}
   size_t NewSize                                  = 34603008                                  {product} {ergonomic}
    uintx NonNMethodCodeHeapSize                   = 5832780                                {pd product} {ergonomic}
    uintx NonProfiledCodeHeapSize                  = 122912730                              {pd product} {ergonomic}
   size_t OldSize                                  = 70254592                                  {product} {ergonomic}
    uintx ProfiledCodeHeapSize                     = 122912730                              {pd product} {ergonomic}
    uintx ReservedCodeCacheSize                    = 251658240                              {pd product} {ergonomic}
     bool SegmentedCodeCache                       = true                                      {product} {ergonomic}
   size_t SoftMaxHeapSize                          = 2147483648                             {manageable} {ergonomic}
     bool UseCompressedOops                        = true                           {product lp64_product} {ergonomic}
     bool UseLargePagesIndividualAllocation        = false                                  {pd product} {ergonomic}
     bool UseParallelGC                            = true                                      {product} {command line}

Logging:
Log output configuration:
 #0: stdout all=off uptime,level,tags foldmultilines=false
 #1: stderr all=off uptime,level,tags foldmultilines=false

Release file:
JAVA_VERSION="21.0.10" 
MODULES="java.base java.compiler java.datatransfer java.xml java.prefs java.desktop java.instrument java.logging java.management java.security.sasl java.naming java.rmi java.management.rmi java.net.http java.scripting java.security.jgss java.transaction.xa java.sql java.sql.rowset java.xml.crypto java.se java.smartcardio jdk.accessibility jdk.internal.jvmstat jdk.attach jdk.charsets jdk.internal.opt jdk.zipfs jdk.compiler jdk.crypto.ec jdk.crypto.cryptoki jdk.crypto.mscapi jdk.dynalink jdk.internal.ed jdk.editpad jdk.hotspot.agent jdk.httpserver jdk.internal.le jdk.internal.vm.ci jdk.internal.vm.compiler jdk.internal.vm.compiler.management jdk.jartool jdk.javadoc jdk.jcmd jdk.management jdk.management.agent jdk.jconsole jdk.jdeps jdk.jdwp.agent jdk.jdi jdk.jfr jdk.jshell jdk.jsobject jdk.jstatd jdk.localedata jdk.management.jfr jdk.naming.dns jdk.naming.rmi jdk.net jdk.nio.mapmode jdk.random jdk.sctp jdk.security.auth jdk.security.jgss jdk.unsupported jdk.unsupported.desktop jdk.xml.dom" 

Environment Variables:
JAVA_HOME=C:\Program Files\Java\jdk-17
PATH=C:\Program Files\Common Files\Oracle\Java\javapath;C:\WINDOWS\system32;C:\WINDOWS;C:\WINDOWS\System32\Wbem;C:\WINDOWS\System32\WindowsPowerShell\v1.0\;C:\WINDOWS\System32\OpenSSH\;C:\Program Files\Git\cmd;C:\flutter\bin;C:\Users\ayila\AppData\Roaming\nvm;C:\Program Files\nodejs;C:\Users\ayila\AppData\Local\Microsoft\WindowsApps;C:\Users\ayila\AppData\Local\Programs\Microsoft VS Code\bin;C:\Users\ayila\AppData\Roaming\npm;C:\Users\ayila\AppData\Local\Programs\Antigravity\bin;C:\Users\ayila\.local\bin;C:\Program Files\Java\jdk-17\bin;C:\Users\ayila\AppData\Local\nvm;C:\nvm4w\nodejs;C:\nvm4w;C:\nvm4w\nodejs;C:\Users\ayila\AppData\Roaming\nvm;;C:\nvm4w\nodejs;C:\Users\ayila\AppData\Roaming\nvm;C:\Program Files\Docker\Docker\resources\bin;C:\Users\ayila\AppData\Local\Microsoft\WindowsApps;C:\Users\ayila\AppData\Local\Programs\Microsoft VS Code\bin;C:\Users\ayila\AppData\Roaming\npm;C:\flutter\bin;C:\Users\ayila\AppData\Local\Programs\Antigravity\bin;C:\Users\ayila\.local\bin;C:\Program Files\Java\jdk-17\bin;C:\Users\ayila\AppData\Local\nvm;C:\nvm4w\nodejs;C:\nvm4w;C:\grails-cli-6.2.3\bin;
USERNAME=ayila
OS=Windows_NT
PROCESSOR_IDENTIFIER=Intel64 Family 6 Model 142 Stepping 9, GenuineIntel
TMP=C:\Users\ayila\AppData\Local\Temp
TEMP=C:\Users\ayila\AppData\Local\Temp




Periodic native trim disabled

---------------  S Y S T E M  ---------------

OS:
 Windows 11 , 64 bit Build 26100 (10.0.26100.7623)
OS uptime: 4 days 4:06 hours
Hyper-V role detected

CPU: total 4 (initial active 4) (2 cores per cpu, 2 threads per core) family 6 model 142 stepping 9 microcode 0xec, cx8, cmov, fxsr, ht, mmx, 3dnowpref, sse, sse2, sse3, ssse3, sse4.1, sse4.2, popcnt, lzcnt, tsc, tscinvbit, avx, avx2, aes, erms, clmul, bmi1, bmi2, adx, fma, vzeroupper, clflush, clflushopt, hv, rdtscp, f16c
Processor Information for the first 4 processors :
  Max Mhz: 2701, Current Mhz: 2701, Mhz Limit: 2701

Memory: 4k page, system-wide physical 7897M (631M free)
TotalPageFile size 20479M (AvailPageFile size 2M)
current process WorkingSet (physical memory assigned to process): 163M, peak: 166M
current process commit charge ("private bytes"): 290M, peak: 297M

vm_info: OpenJDK 64-Bit Server VM (21.0.10+7-LTS) for windows-amd64 JRE (21.0.10+7-LTS), built on 2026-01-20T00:00:00Z by "admin" with MS VC++ 17.12 (VS2022)

END.
